<?xml version="1.0" encoding="UTF-8"?>
<!-- Generated by org.testng.reporters.JUnitXMLReporter -->
<testsuite hostname="DESKTOP-ILIR5MF" name="Default test" tests="7" failures="0" timestamp="2 Feb 2023 09:06:07 GMT" time="9.368" errors="0">
  <testcase name="test1" time="0.0" classname="TestNGTest.DependsOnGroupsandMethodsDemo"/>
  <testcase name="test2" time="0.0" classname="TestNGTest.DependsOnGroupsandMethodsDemo"/>
  <testcase name="test3" time="0.0" classname="TestNGTest.DependsOnGroupsandMethodsDemo"/>
  <testcase name="test4" time="0.0" classname="TestNGTest.DependsOnGroupsandMethodsDemo"/>
  <testcase name="test4" time="0.0" classname="TestNGTest.DependsOnGroupsandMethodsDemo"/>
  <testcase name="test5" time="9.348" classname="TestNGTest.DependsOnGroupsandMethodsDemo"/>
  <testcase name="test7" time="0.001" classname="TestNGTest.DependsOnGroupsandMethodsDemo"/>
</testsuite> <!-- Default test -->
