<?xml version="1.0" encoding="UTF-8"?>
<!-- Generated by org.testng.reporters.JUnitXMLReporter -->
<testsuite hostname="DESKTOP-ILIR5MF" name="Assertion" tests="2" failures="1" timestamp="17 Jan 2023 08:56:13 GMT" time="0.025" errors="0">
  <testcase name="test1" time="0.009" classname="TestNGTest.AssertDemo">
    <failure type="java.lang.AssertionError" message="The following asserts failed:
	home page title is invalid expected [true] but found [false],
	transfer page title is invalid expected [true] but found [false],
	card page title is invalid expected [true] but found [false]">
      <![CDATA[java.lang.AssertionError: The following asserts failed:
	home page title is invalid expected [true] but found [false],
	transfer page title is invalid expected [true] but found [false],
	card page title is invalid expected [true] but found [false]
	at TestNGTest.AssertDemo.test1(AssertDemo.java:24)
... Removed 25 stack frames]]>
    </failure>
  </testcase> <!-- test1 -->
  <testcase name="test2" time="0.0" classname="TestNGTest.AssertDemo"/>
</testsuite> <!-- Assertion -->
