<?xml version="1.0" encoding="UTF-8"?>
<!-- Generated by org.testng.reporters.JUnitXMLReporter -->
<testsuite hostname="DESKTOP-ILIR5MF" name="DataProviderDemo" tests="5" failures="0" timestamp="31 Jan 2023 17:48:18 GMT" time="15.869" errors="0">
  <testcase name="loginTest" time="0.185" classname="TestNGTest.DataProviderDemo"/>
  <testcase name="loginTest" time="0.168" classname="TestNGTest.DataProviderDemo"/>
  <testcase name="loginTest" time="0.151" classname="TestNGTest.DataProviderDemo"/>
  <testcase name="loginTest" time="0.171" classname="TestNGTest.DataProviderDemo"/>
  <testcase name="loginTest" time="0.167" classname="TestNGTest.DataProviderDemo"/>
</testsuite> <!-- DataProviderDemo -->
