<?xml version="1.0" encoding="UTF-8"?>
<!-- Generated by org.testng.reporters.JUnitXMLReporter -->
<testsuite hostname="DESKTOP-ILIR5MF" name="DataProviderDemo1" tests="5" failures="0" timestamp="31 Jan 2023 17:48:52 GMT" time="15.477" errors="0">
  <testcase name="loginTest" time="0.184" classname="TestNGTest.DataProviderDemo"/>
  <testcase name="loginTest" time="0.185" classname="TestNGTest.DataProviderDemo"/>
  <testcase name="loginTest" time="0.173" classname="TestNGTest.DataProviderDemo"/>
  <testcase name="loginTest" time="0.194" classname="TestNGTest.DataProviderDemo"/>
  <testcase name="loginTest" time="0.19" classname="TestNGTest.DataProviderDemo"/>
</testsuite> <!-- DataProviderDemo1 -->
