<?xml version="1.0" encoding="UTF-8"?>
<!-- Generated by org.testng.reporters.JUnitXMLReporter -->
<testsuite hostname="DESKTOP-ILIR5MF" name="Test1" tests="4" failures="0" timestamp="2 Feb 2023 07:43:35 GMT" time="0.022" errors="0">
  <testcase name="a1" time="0.006" classname="GroupMethodClass.Test1"/>
  <testcase name="d2" time="0.006" classname="GroupMethodClass.Test4"/>
  <testcase name="d1" time="0.006" classname="GroupMethodClass.Test4"/>
  <testcase name="a2" time="0.006" classname="GroupMethodClass.Test1"/>
</testsuite> <!-- Test1 -->
