<?xml version="1.0" encoding="UTF-8"?>
<testng-results skipped="0" failed="0" total="2" passed="2">
  <reporter-output>
  </reporter-output>
  <suite name="Regression Suite" duration-ms="31" started-at="2023-02-02T12:36:09Z" finished-at="2023-02-02T12:36:09Z">
    <groups>
    </groups>
    <test name="GroupsDemo" duration-ms="31" started-at="2023-02-02T12:36:09Z" finished-at="2023-02-02T12:36:09Z">
      <class name="GroupMethodClass.Test3">
        <test-method status="PASS" signature="c1()[pri:0, instance:GroupMethodClass.Test3@1d251891]" name="c1" duration-ms="0" started-at="2023-02-02T18:06:09Z" finished-at="2023-02-02T18:06:09Z">
          <reporter-output>
          </reporter-output>
        </test-method> <!-- c1 -->
        <test-method status="PASS" signature="c2()[pri:0, instance:GroupMethodClass.Test3@1d251891]" name="c2" duration-ms="0" started-at="2023-02-02T18:06:09Z" finished-at="2023-02-02T18:06:09Z">
          <reporter-output>
          </reporter-output>
        </test-method> <!-- c2 -->
      </class> <!-- GroupMethodClass.Test3 -->
    </test> <!-- GroupsDemo -->
  </suite> <!-- Regression Suite -->
</testng-results>
